  [1m[35m (667.5ms)[0m  [1m[35mCREATE DATABASE "test-sendMail_development" ENCODING = 'unicode'[0m
  ↳ bin/rails:9
  [1m[35m (638.6ms)[0m  [1m[35mCREATE DATABASE "test-sendMail_test" ENCODING = 'unicode'[0m
  ↳ bin/rails:9
  [1m[35m (101.4ms)[0m  [1m[35mCREATE TABLE "schema_migrations" ("version" character varying NOT NULL PRIMARY KEY)[0m
  ↳ bin/rails:9
  [1m[35m (88.0ms)[0m  [1m[35mCREATE TABLE "ar_internal_metadata" ("key" character varying NOT NULL PRIMARY KEY, "value" character varying, "created_at" timestamp NOT NULL, "updated_at" timestamp NOT NULL)[0m
  ↳ bin/rails:9
  [1m[35m (0.2ms)[0m  [1m[34mSELECT pg_try_advisory_lock(7080151258463058300)[0m
  ↳ bin/rails:9
  [1m[35m (0.7ms)[0m  [1m[34mSELECT "schema_migrations"."version" FROM "schema_migrations" ORDER BY "schema_migrations"."version" ASC[0m
  ↳ bin/rails:9
Migrating to CreateUsers (20190213175754)
  [1m[35m (0.2ms)[0m  [1m[35mBEGIN[0m
  ↳ bin/rails:9
  [1m[35m (104.7ms)[0m  [1m[35mCREATE TABLE "users" ("id" bigserial primary key, "first_name" character varying, "last_name" character varying, "email" character varying, "encrypted_password" character varying, "description" text, "created_at" timestamp NOT NULL, "updated_at" timestamp NOT NULL)[0m
  ↳ db/migrate/20190213175754_create_users.rb:3
  [1m[36mActiveRecord::SchemaMigration Create (0.4ms)[0m  [1m[32mINSERT INTO "schema_migrations" ("version") VALUES ($1) RETURNING "version"[0m  [["version", "20190213175754"]]
  ↳ bin/rails:9
  [1m[35m (12.5ms)[0m  [1m[35mCOMMIT[0m
  ↳ bin/rails:9
Migrating to CreateEvents (20190213180342)
  [1m[35m (0.2ms)[0m  [1m[35mBEGIN[0m
  ↳ bin/rails:9
  [1m[35m (0.1ms)[0m  [1m[31mROLLBACK[0m
  ↳ bin/rails:9
  [1m[35m (0.3ms)[0m  [1m[34mSELECT pg_advisory_unlock(7080151258463058300)[0m
  ↳ bin/rails:9
  [1m[35m (0.3ms)[0m  [1m[34mSELECT pg_try_advisory_lock(7080151258463058300)[0m
  ↳ bin/rails:9
  [1m[35m (1.0ms)[0m  [1m[34mSELECT "schema_migrations"."version" FROM "schema_migrations" ORDER BY "schema_migrations"."version" ASC[0m
  ↳ bin/rails:9
Migrating to CreateEvents (20190213180342)
  [1m[35m (0.2ms)[0m  [1m[35mBEGIN[0m
  ↳ bin/rails:9
  [1m[35m (0.3ms)[0m  [1m[31mROLLBACK[0m
  ↳ bin/rails:9
  [1m[35m (0.3ms)[0m  [1m[34mSELECT pg_advisory_unlock(7080151258463058300)[0m
  ↳ bin/rails:9
  [1m[35m (0.2ms)[0m  [1m[34mSELECT pg_try_advisory_lock(7080151258463058300)[0m
  ↳ bin/rails:9
  [1m[35m (0.8ms)[0m  [1m[34mSELECT "schema_migrations"."version" FROM "schema_migrations" ORDER BY "schema_migrations"."version" ASC[0m
  ↳ bin/rails:9
Migrating to CreateEvents (20190213180342)
  [1m[35m (1.0ms)[0m  [1m[35mBEGIN[0m
  ↳ bin/rails:9
  [1m[35m (75.0ms)[0m  [1m[35mCREATE TABLE "events" ("id" bigserial primary key, "user_id" bigint, "start_date" timestamp, "duration" integer, "description" text, "price" integer, "location" character varying, "created_at" timestamp NOT NULL, "updated_at" timestamp NOT NULL)[0m
  ↳ db/migrate/20190213180342_create_events.rb:3
  [1m[35m (32.0ms)[0m  [1m[35mCREATE  INDEX  "index_events_on_user_id" ON "events"  ("user_id")[0m
  ↳ db/migrate/20190213180342_create_events.rb:3
  [1m[36mActiveRecord::SchemaMigration Create (0.3ms)[0m  [1m[32mINSERT INTO "schema_migrations" ("version") VALUES ($1) RETURNING "version"[0m  [["version", "20190213180342"]]
  ↳ bin/rails:9
  [1m[35m (12.8ms)[0m  [1m[35mCOMMIT[0m
  ↳ bin/rails:9
Migrating to CreateAttendances (20190213180547)
  [1m[35m (0.2ms)[0m  [1m[35mBEGIN[0m
  ↳ bin/rails:9
  [1m[35m (71.4ms)[0m  [1m[35mCREATE TABLE "attendances" ("id" bigserial primary key, "event_id" bigint, "user_id" bigint, "stripe_customer_id" character varying, "created_at" timestamp NOT NULL, "updated_at" timestamp NOT NULL)[0m
  ↳ db/migrate/20190213180547_create_attendances.rb:3
  [1m[35m (31.6ms)[0m  [1m[35mCREATE  INDEX  "index_attendances_on_event_id" ON "attendances"  ("event_id")[0m
  ↳ db/migrate/20190213180547_create_attendances.rb:3
  [1m[35m (31.8ms)[0m  [1m[35mCREATE  INDEX  "index_attendances_on_user_id" ON "attendances"  ("user_id")[0m
  ↳ db/migrate/20190213180547_create_attendances.rb:3
  [1m[36mActiveRecord::SchemaMigration Create (0.4ms)[0m  [1m[32mINSERT INTO "schema_migrations" ("version") VALUES ($1) RETURNING "version"[0m  [["version", "20190213180547"]]
  ↳ bin/rails:9
  [1m[35m (12.5ms)[0m  [1m[35mCOMMIT[0m
  ↳ bin/rails:9
  [1m[36mActiveRecord::InternalMetadata Load (0.5ms)[0m  [1m[34mSELECT  "ar_internal_metadata".* FROM "ar_internal_metadata" WHERE "ar_internal_metadata"."key" = $1 LIMIT $2[0m  [["key", "environment"], ["LIMIT", 1]]
  ↳ bin/rails:9
  [1m[35m (0.1ms)[0m  [1m[35mBEGIN[0m
  ↳ bin/rails:9
  [1m[36mActiveRecord::InternalMetadata Create (0.3ms)[0m  [1m[32mINSERT INTO "ar_internal_metadata" ("key", "value", "created_at", "updated_at") VALUES ($1, $2, $3, $4) RETURNING "key"[0m  [["key", "environment"], ["value", "development"], ["created_at", "2019-02-13 18:21:09.790457"], ["updated_at", "2019-02-13 18:21:09.790457"]]
  ↳ bin/rails:9
  [1m[35m (42.3ms)[0m  [1m[35mCOMMIT[0m
  ↳ bin/rails:9
  [1m[35m (0.2ms)[0m  [1m[34mSELECT pg_advisory_unlock(7080151258463058300)[0m
  ↳ bin/rails:9
  [1m[35m (0.3ms)[0m  [1m[34mSELECT "schema_migrations"."version" FROM "schema_migrations" ORDER BY "schema_migrations"."version" ASC[0m
  ↳ bin/rails:9
  [1m[35m (0.3ms)[0m  [1m[35mBEGIN[0m
  [1m[36mUser Create (0.8ms)[0m  [1m[32mINSERT INTO "users" ("last_name", "email", "created_at", "updated_at") VALUES ($1, $2, $3, $4) RETURNING "id"[0m  [["last_name", "Féfé"], ["email", "féfé@yopmail.com"], ["created_at", "2019-02-13 18:26:55.745927"], ["updated_at", "2019-02-13 18:26:55.745927"]]
  Rendering user_mailer/welcome_email.html.erb within layouts/mailer
  Rendered user_mailer/welcome_email.html.erb within layouts/mailer (6.8ms)
UserMailer#welcome_email: processed outbound mail in 873.8ms
Sent mail to féfé@yopmail.com (35.9ms)
Date: Wed, 13 Feb 2019 13:26:57 -0500
From: no-reply@monsite.fr
To: =?UTF-8?B?ZsOpZsOp?=@yopmail.com
Message-ID: <5c6461712590a_2e4a2af5745bf9ac88912@manda-E1-571G.mail>
Subject: Bienvenue chez nous !
Mime-Version: 1.0
Content-Type: text/html;
 charset=UTF-8
Content-Transfer-Encoding: quoted-printable

<!DOCTYPE html>=0D
<html>=0D
  <head>=0D
    <meta http-equiv=3D"Content-Type" content=3D"text/html; charset=3Dutf=
-8" />=0D
    <style>=0D
      /* Email styles need to be inline */=0D
    </style>=0D
  </head>=0D
=0D
  <body>=0D
    <!DOCTYPE html>=0D
<html>=0D
  <head>=0D
    <meta content=3D'text/html; charset=3DUTF-8' http-equiv=3D'Content-Ty=
pe' />=0D
  </head>=0D
  <body>=0D
    <h1>Salut F=C3=A9f=C3=A9 et bienvenue chez nous !</h1>=0D
    <p>=0D
      Tu t'es inscrit sur monsite.fr en utilisant l'e-mail suivant : f=C3=
=A9f=C3=A9@yopmail.com.=0D
    </p>=0D
    <p>=0D
      Pour acc=C3=A9der =C3=A0 ton espace client, connecte-toi via : http=
://monsite.fr/login.=0D
    </p>=0D
    <p> =C3=80 tr=C3=A8s vite sur monsite.fr !=0D
  </body>=0D
</html>=0D
  </body>=0D
</html>=0D

  [1m[35m (70.9ms)[0m  [1m[35mCOMMIT[0m
  [1m[35m (0.9ms)[0m  [1m[34mSELECT "schema_migrations"."version" FROM "schema_migrations" ORDER BY "schema_migrations"."version" ASC[0m
  ↳ bin/rails:9
  [1m[35m (1.0ms)[0m  [1m[34mSELECT "schema_migrations"."version" FROM "schema_migrations" ORDER BY "schema_migrations"."version" ASC[0m
  ↳ bin/rails:9
  [1m[35m (0.2ms)[0m  [1m[35mBEGIN[0m
  ↳ db/seeds.rb:10
  [1m[36mUser Create (0.6ms)[0m  [1m[32mINSERT INTO "users" ("last_name", "email", "created_at", "updated_at") VALUES ($1, $2, $3, $4) RETURNING "id"[0m  [["last_name", "Féfé0"], ["email", "féfé0@yopmail.com"], ["created_at", "2019-02-13 18:31:59.671496"], ["updated_at", "2019-02-13 18:31:59.671496"]]
  ↳ db/seeds.rb:10
  Rendering user_mailer/welcome_email.html.erb within layouts/mailer
  Rendered user_mailer/welcome_email.html.erb within layouts/mailer (0.9ms)
UserMailer#welcome_email: processed outbound mail in 28.0ms
Sent mail to féfé0@yopmail.com (11.6ms)
Date: Wed, 13 Feb 2019 13:31:59 -0500
From: no-reply@monsite.fr
To: =?UTF-8?B?ZsOpZsOpMA==?=@yopmail.com
Message-ID: <5c64629fbc3f0_2f522af38d8b9998924cb@manda-E1-571G.mail>
Subject: Bienvenue chez nous !
Mime-Version: 1.0
Content-Type: text/html;
 charset=UTF-8
Content-Transfer-Encoding: quoted-printable

<!DOCTYPE html>=0D
<html>=0D
  <head>=0D
    <meta http-equiv=3D"Content-Type" content=3D"text/html; charset=3Dutf=
-8" />=0D
    <style>=0D
      /* Email styles need to be inline */=0D
    </style>=0D
  </head>=0D
=0D
  <body>=0D
    <!DOCTYPE html>=0D
<html>=0D
  <head>=0D
    <meta content=3D'text/html; charset=3DUTF-8' http-equiv=3D'Content-Ty=
pe' />=0D
  </head>=0D
  <body>=0D
    <h1>Salut F=C3=A9f=C3=A90 et bienvenue chez nous !</h1>=0D
    <p>=0D
      Tu t'es inscrit sur monsite.fr en utilisant l'e-mail suivant : f=C3=
=A9f=C3=A90@yopmail.com.=0D
    </p>=0D
    <p>=0D
      Pour acc=C3=A9der =C3=A0 ton espace client, connecte-toi via : http=
://monsite.fr/login.=0D
    </p>=0D
    <p> =C3=80 tr=C3=A8s vite sur monsite.fr !=0D
  </body>=0D
</html>=0D
  </body>=0D
</html>=0D

  [1m[35m (8.5ms)[0m  [1m[35mCOMMIT[0m
  ↳ db/seeds.rb:10
  [1m[35m (0.2ms)[0m  [1m[35mBEGIN[0m
  ↳ db/seeds.rb:10
  [1m[36mUser Create (0.4ms)[0m  [1m[32mINSERT INTO "users" ("last_name", "email", "created_at", "updated_at") VALUES ($1, $2, $3, $4) RETURNING "id"[0m  [["last_name", "Féfé1"], ["email", "féfé1@yopmail.com"], ["created_at", "2019-02-13 18:31:59.791049"], ["updated_at", "2019-02-13 18:31:59.791049"]]
  ↳ db/seeds.rb:10
  Rendering user_mailer/welcome_email.html.erb within layouts/mailer
  Rendered user_mailer/welcome_email.html.erb within layouts/mailer (0.1ms)
UserMailer#welcome_email: processed outbound mail in 4.1ms
Sent mail to féfé1@yopmail.com (12.7ms)
Date: Wed, 13 Feb 2019 13:31:59 -0500
From: no-reply@monsite.fr
To: =?UTF-8?B?ZsOpZsOpMQ==?=@yopmail.com
Message-ID: <5c64629fc30e7_2f522af38d8b999892597@manda-E1-571G.mail>
Subject: Bienvenue chez nous !
Mime-Version: 1.0
Content-Type: text/html;
 charset=UTF-8
Content-Transfer-Encoding: quoted-printable

<!DOCTYPE html>=0D
<html>=0D
  <head>=0D
    <meta http-equiv=3D"Content-Type" content=3D"text/html; charset=3Dutf=
-8" />=0D
    <style>=0D
      /* Email styles need to be inline */=0D
    </style>=0D
  </head>=0D
=0D
  <body>=0D
    <!DOCTYPE html>=0D
<html>=0D
  <head>=0D
    <meta content=3D'text/html; charset=3DUTF-8' http-equiv=3D'Content-Ty=
pe' />=0D
  </head>=0D
  <body>=0D
    <h1>Salut F=C3=A9f=C3=A91 et bienvenue chez nous !</h1>=0D
    <p>=0D
      Tu t'es inscrit sur monsite.fr en utilisant l'e-mail suivant : f=C3=
=A9f=C3=A91@yopmail.com.=0D
    </p>=0D
    <p>=0D
      Pour acc=C3=A9der =C3=A0 ton espace client, connecte-toi via : http=
://monsite.fr/login.=0D
    </p>=0D
    <p> =C3=80 tr=C3=A8s vite sur monsite.fr !=0D
  </body>=0D
</html>=0D
  </body>=0D
</html>=0D

  [1m[35m (11.6ms)[0m  [1m[35mCOMMIT[0m
  ↳ db/seeds.rb:10
  [1m[35m (0.3ms)[0m  [1m[35mBEGIN[0m
  ↳ db/seeds.rb:10
  [1m[36mUser Create (0.4ms)[0m  [1m[32mINSERT INTO "users" ("last_name", "email", "created_at", "updated_at") VALUES ($1, $2, $3, $4) RETURNING "id"[0m  [["last_name", "Féfé2"], ["email", "féfé2@yopmail.com"], ["created_at", "2019-02-13 18:31:59.824192"], ["updated_at", "2019-02-13 18:31:59.824192"]]
  ↳ db/seeds.rb:10
  Rendering user_mailer/welcome_email.html.erb within layouts/mailer
  Rendered user_mailer/welcome_email.html.erb within layouts/mailer (0.1ms)
UserMailer#welcome_email: processed outbound mail in 8.1ms
Sent mail to féfé2@yopmail.com (45.8ms)
Date: Wed, 13 Feb 2019 13:31:59 -0500
From: no-reply@monsite.fr
To: =?UTF-8?B?ZsOpZsOpMg==?=@yopmail.com
Message-ID: <5c64629fcd7aa_2f522af38d8b999892642@manda-E1-571G.mail>
Subject: Bienvenue chez nous !
Mime-Version: 1.0
Content-Type: text/html;
 charset=UTF-8
Content-Transfer-Encoding: quoted-printable

<!DOCTYPE html>=0D
<html>=0D
  <head>=0D
    <meta http-equiv=3D"Content-Type" content=3D"text/html; charset=3Dutf=
-8" />=0D
    <style>=0D
      /* Email styles need to be inline */=0D
    </style>=0D
  </head>=0D
=0D
  <body>=0D
    <!DOCTYPE html>=0D
<html>=0D
  <head>=0D
    <meta content=3D'text/html; charset=3DUTF-8' http-equiv=3D'Content-Ty=
pe' />=0D
  </head>=0D
  <body>=0D
    <h1>Salut F=C3=A9f=C3=A92 et bienvenue chez nous !</h1>=0D
    <p>=0D
      Tu t'es inscrit sur monsite.fr en utilisant l'e-mail suivant : f=C3=
=A9f=C3=A92@yopmail.com.=0D
    </p>=0D
    <p>=0D
      Pour acc=C3=A9der =C3=A0 ton espace client, connecte-toi via : http=
://monsite.fr/login.=0D
    </p>=0D
    <p> =C3=80 tr=C3=A8s vite sur monsite.fr !=0D
  </body>=0D
</html>=0D
  </body>=0D
</html>=0D

  [1m[35m (10.6ms)[0m  [1m[35mCOMMIT[0m
  ↳ db/seeds.rb:10
  [1m[35m (0.2ms)[0m  [1m[35mBEGIN[0m
  ↳ db/seeds.rb:10
  [1m[36mUser Create (0.4ms)[0m  [1m[32mINSERT INTO "users" ("last_name", "email", "created_at", "updated_at") VALUES ($1, $2, $3, $4) RETURNING "id"[0m  [["last_name", "Féfé3"], ["email", "féfé3@yopmail.com"], ["created_at", "2019-02-13 18:31:59.894715"], ["updated_at", "2019-02-13 18:31:59.894715"]]
  ↳ db/seeds.rb:10
  Rendering user_mailer/welcome_email.html.erb within layouts/mailer
  Rendered user_mailer/welcome_email.html.erb within layouts/mailer (0.1ms)
UserMailer#welcome_email: processed outbound mail in 8.8ms
Sent mail to féfé3@yopmail.com (67.9ms)
Date: Wed, 13 Feb 2019 13:31:59 -0500
From: no-reply@monsite.fr
To: =?UTF-8?B?ZsOpZsOpMw==?=@yopmail.com
Message-ID: <5c64629fdfde1_2f522af38d8b99989271f@manda-E1-571G.mail>
Subject: Bienvenue chez nous !
Mime-Version: 1.0
Content-Type: text/html;
 charset=UTF-8
Content-Transfer-Encoding: quoted-printable

<!DOCTYPE html>=0D
<html>=0D
  <head>=0D
    <meta http-equiv=3D"Content-Type" content=3D"text/html; charset=3Dutf=
-8" />=0D
    <style>=0D
      /* Email styles need to be inline */=0D
    </style>=0D
  </head>=0D
=0D
  <body>=0D
    <!DOCTYPE html>=0D
<html>=0D
  <head>=0D
    <meta content=3D'text/html; charset=3DUTF-8' http-equiv=3D'Content-Ty=
pe' />=0D
  </head>=0D
  <body>=0D
    <h1>Salut F=C3=A9f=C3=A93 et bienvenue chez nous !</h1>=0D
    <p>=0D
      Tu t'es inscrit sur monsite.fr en utilisant l'e-mail suivant : f=C3=
=A9f=C3=A93@yopmail.com.=0D
    </p>=0D
    <p>=0D
      Pour acc=C3=A9der =C3=A0 ton espace client, connecte-toi via : http=
://monsite.fr/login.=0D
    </p>=0D
    <p> =C3=80 tr=C3=A8s vite sur monsite.fr !=0D
  </body>=0D
</html>=0D
  </body>=0D
</html>=0D

  [1m[35m (15.3ms)[0m  [1m[35mCOMMIT[0m
  ↳ db/seeds.rb:10
  [1m[35m (0.7ms)[0m  [1m[35mBEGIN[0m
  ↳ db/seeds.rb:10
  [1m[36mUser Create (0.9ms)[0m  [1m[32mINSERT INTO "users" ("last_name", "email", "created_at", "updated_at") VALUES ($1, $2, $3, $4) RETURNING "id"[0m  [["last_name", "Féfé4"], ["email", "féfé4@yopmail.com"], ["created_at", "2019-02-13 18:31:59.999393"], ["updated_at", "2019-02-13 18:31:59.999393"]]
  ↳ db/seeds.rb:10
  Rendering user_mailer/welcome_email.html.erb within layouts/mailer
  Rendered user_mailer/welcome_email.html.erb within layouts/mailer (0.2ms)
UserMailer#welcome_email: processed outbound mail in 35.0ms
Sent mail to féfé4@yopmail.com (95.5ms)
Date: Wed, 13 Feb 2019 13:32:00 -0500
From: no-reply@monsite.fr
To: =?UTF-8?B?ZsOpZsOpNA==?=@yopmail.com
Message-ID: <5c6462a0dee5_2f522af38d8b999892830@manda-E1-571G.mail>
Subject: Bienvenue chez nous !
Mime-Version: 1.0
Content-Type: text/html;
 charset=UTF-8
Content-Transfer-Encoding: quoted-printable

<!DOCTYPE html>=0D
<html>=0D
  <head>=0D
    <meta http-equiv=3D"Content-Type" content=3D"text/html; charset=3Dutf=
-8" />=0D
    <style>=0D
      /* Email styles need to be inline */=0D
    </style>=0D
  </head>=0D
=0D
  <body>=0D
    <!DOCTYPE html>=0D
<html>=0D
  <head>=0D
    <meta content=3D'text/html; charset=3DUTF-8' http-equiv=3D'Content-Ty=
pe' />=0D
  </head>=0D
  <body>=0D
    <h1>Salut F=C3=A9f=C3=A94 et bienvenue chez nous !</h1>=0D
    <p>=0D
      Tu t'es inscrit sur monsite.fr en utilisant l'e-mail suivant : f=C3=
=A9f=C3=A94@yopmail.com.=0D
    </p>=0D
    <p>=0D
      Pour acc=C3=A9der =C3=A0 ton espace client, connecte-toi via : http=
://monsite.fr/login.=0D
    </p>=0D
    <p> =C3=80 tr=C3=A8s vite sur monsite.fr !=0D
  </body>=0D
</html>=0D
  </body>=0D
</html>=0D

  [1m[35m (6.3ms)[0m  [1m[35mCOMMIT[0m
  ↳ db/seeds.rb:10
  [1m[35m (0.9ms)[0m  [1m[34mSELECT "schema_migrations"."version" FROM "schema_migrations" ORDER BY "schema_migrations"."version" ASC[0m
  ↳ bin/rails:9
  [1m[35m (1.0ms)[0m  [1m[34mSELECT "schema_migrations"."version" FROM "schema_migrations" ORDER BY "schema_migrations"."version" ASC[0m
  ↳ bin/rails:9
  [1m[35m (0.9ms)[0m  [1m[34mSELECT "schema_migrations"."version" FROM "schema_migrations" ORDER BY "schema_migrations"."version" ASC[0m
  ↳ bin/rails:9
  [1m[35m (0.9ms)[0m  [1m[34mSELECT "schema_migrations"."version" FROM "schema_migrations" ORDER BY "schema_migrations"."version" ASC[0m
  ↳ bin/rails:9
  [1m[35m (1.1ms)[0m  [1m[34mSELECT "schema_migrations"."version" FROM "schema_migrations" ORDER BY "schema_migrations"."version" ASC[0m
  ↳ bin/rails:9
  [1m[35m (0.2ms)[0m  [1m[35mBEGIN[0m
  ↳ db/seeds.rb:14
  [1m[36mUser Load (0.4ms)[0m  [1m[34mSELECT  "users".* FROM "users" WHERE "users"."id" = $1 LIMIT $2[0m  [["id", 1], ["LIMIT", 1]]
  ↳ db/seeds.rb:14
  [1m[36mEvent Create (0.8ms)[0m  [1m[32mINSERT INTO "events" ("user_id", "duration", "description", "price", "location", "created_at", "updated_at") VALUES ($1, $2, $3, $4, $5, $6, $7) RETURNING "id"[0m  [["user_id", 1], ["duration", 30], ["description", "jour j - 0 pour etre d'accord"], ["price", 500], ["location", "voiture numero 0"], ["created_at", "2019-02-13 18:44:32.959239"], ["updated_at", "2019-02-13 18:44:32.959239"]]
  ↳ db/seeds.rb:14
  [1m[35m (24.5ms)[0m  [1m[35mCOMMIT[0m
  ↳ db/seeds.rb:14
  [1m[35m (0.2ms)[0m  [1m[35mBEGIN[0m
  ↳ db/seeds.rb:14
  [1m[36mUser Load (0.5ms)[0m  [1m[34mSELECT  "users".* FROM "users" WHERE "users"."id" = $1 LIMIT $2[0m  [["id", 2], ["LIMIT", 1]]
  ↳ db/seeds.rb:14
  [1m[36mEvent Create (0.5ms)[0m  [1m[32mINSERT INTO "events" ("user_id", "duration", "description", "price", "location", "created_at", "updated_at") VALUES ($1, $2, $3, $4, $5, $6, $7) RETURNING "id"[0m  [["user_id", 2], ["duration", 30], ["description", "jour j - 1 pour etre d'accord"], ["price", 500], ["location", "voiture numero 1"], ["created_at", "2019-02-13 18:44:32.989139"], ["updated_at", "2019-02-13 18:44:32.989139"]]
  ↳ db/seeds.rb:14
  [1m[35m (5.4ms)[0m  [1m[35mCOMMIT[0m
  ↳ db/seeds.rb:14
  [1m[35m (0.1ms)[0m  [1m[35mBEGIN[0m
  ↳ db/seeds.rb:14
  [1m[36mUser Load (0.3ms)[0m  [1m[34mSELECT  "users".* FROM "users" WHERE "users"."id" = $1 LIMIT $2[0m  [["id", 3], ["LIMIT", 1]]
  ↳ db/seeds.rb:14
  [1m[36mEvent Create (0.4ms)[0m  [1m[32mINSERT INTO "events" ("user_id", "duration", "description", "price", "location", "created_at", "updated_at") VALUES ($1, $2, $3, $4, $5, $6, $7) RETURNING "id"[0m  [["user_id", 3], ["duration", 30], ["description", "jour j - 2 pour etre d'accord"], ["price", 500], ["location", "voiture numero 2"], ["created_at", "2019-02-13 18:44:32.998445"], ["updated_at", "2019-02-13 18:44:32.998445"]]
  ↳ db/seeds.rb:14
  [1m[35m (7.6ms)[0m  [1m[35mCOMMIT[0m
  ↳ db/seeds.rb:14
  [1m[35m (0.2ms)[0m  [1m[35mBEGIN[0m
  [1m[36mAttendance Create (0.7ms)[0m  [1m[32mINSERT INTO "attendances" ("event_id", "user_id", "created_at", "updated_at") VALUES ($1, $2, $3, $4) RETURNING "id"[0m  [["event_id", 2], ["user_id", 1], ["created_at", "2019-02-13 19:04:54.386924"], ["updated_at", "2019-02-13 19:04:54.386924"]]
  [1m[35m (0.2ms)[0m  [1m[31mROLLBACK[0m
  [1m[35m (0.3ms)[0m  [1m[35mBEGIN[0m
  [1m[36mAttendance Create (0.8ms)[0m  [1m[32mINSERT INTO "attendances" ("event_id", "user_id", "created_at", "updated_at") VALUES ($1, $2, $3, $4) RETURNING "id"[0m  [["event_id", 2], ["user_id", 1], ["created_at", "2019-02-13 19:05:50.178245"], ["updated_at", "2019-02-13 19:05:50.178245"]]
  [1m[35m (0.5ms)[0m  [1m[31mROLLBACK[0m
  [1m[35m (0.3ms)[0m  [1m[35mBEGIN[0m
  [1m[36mAttendance Create (0.6ms)[0m  [1m[32mINSERT INTO "attendances" ("event_id", "user_id", "created_at", "updated_at") VALUES ($1, $2, $3, $4) RETURNING "id"[0m  [["event_id", 1], ["user_id", 1], ["created_at", "2019-02-13 19:06:04.072106"], ["updated_at", "2019-02-13 19:06:04.072106"]]
  [1m[35m (0.3ms)[0m  [1m[31mROLLBACK[0m
  [1m[35m (1.0ms)[0m  [1m[34mSELECT "schema_migrations"."version" FROM "schema_migrations" ORDER BY "schema_migrations"."version" ASC[0m
  ↳ bin/rails:9
  [1m[35m (0.2ms)[0m  [1m[35mBEGIN[0m
  ↳ db/seeds.rb:17
  [1m[36mAttendance Create (0.7ms)[0m  [1m[32mINSERT INTO "attendances" ("event_id", "user_id", "created_at", "updated_at") VALUES ($1, $2, $3, $4) RETURNING "id"[0m  [["event_id", 1], ["user_id", 2], ["created_at", "2019-02-13 19:24:32.933004"], ["updated_at", "2019-02-13 19:24:32.933004"]]
  ↳ db/seeds.rb:17
  [1m[35m (0.2ms)[0m  [1m[31mROLLBACK[0m
  ↳ db/seeds.rb:17
  [1m[35m (0.8ms)[0m  [1m[34mSELECT "schema_migrations"."version" FROM "schema_migrations" ORDER BY "schema_migrations"."version" ASC[0m
  ↳ bin/rails:9
  [1m[35m (0.2ms)[0m  [1m[35mBEGIN[0m
  ↳ db/seeds.rb:17
  [1m[36mAttendance Create (0.6ms)[0m  [1m[32mINSERT INTO "attendances" ("event_id", "user_id", "created_at", "updated_at") VALUES ($1, $2, $3, $4) RETURNING "id"[0m  [["event_id", 1], ["user_id", 2], ["created_at", "2019-02-13 19:24:55.300978"], ["updated_at", "2019-02-13 19:24:55.300978"]]
  ↳ db/seeds.rb:17
  [1m[35m (0.3ms)[0m  [1m[31mROLLBACK[0m
  ↳ db/seeds.rb:17
  [1m[36mEvent Load (0.5ms)[0m  [1m[34mSELECT  "events".* FROM "events" ORDER BY "events"."id" ASC LIMIT $1[0m  [["LIMIT", 1]]
  [1m[36mUser Load (0.4ms)[0m  [1m[34mSELECT  "users".* FROM "users" ORDER BY "users"."id" ASC LIMIT $1[0m  [["LIMIT", 1]]
  [1m[36mEvent Load (0.8ms)[0m  [1m[34mSELECT  "events".* FROM "events" ORDER BY "events"."id" ASC LIMIT $1[0m  [["LIMIT", 1]]
  [1m[36mUser Load (0.7ms)[0m  [1m[34mSELECT  "users".* FROM "users" ORDER BY "users"."id" ASC LIMIT $1[0m  [["LIMIT", 1]]
  [1m[35m (0.3ms)[0m  [1m[35mBEGIN[0m
  [1m[36mAttendance Create (0.6ms)[0m  [1m[32mINSERT INTO "attendances" ("event_id", "user_id", "stripe_customer_id", "created_at", "updated_at") VALUES ($1, $2, $3, $4, $5) RETURNING "id"[0m  [["event_id", 1], ["user_id", 1], ["stripe_customer_id", "1"], ["created_at", "2019-02-13 19:31:36.444327"], ["updated_at", "2019-02-13 19:31:36.444327"]]
  [1m[35m (0.2ms)[0m  [1m[31mROLLBACK[0m
  [1m[35m (0.9ms)[0m  [1m[34mSELECT "schema_migrations"."version" FROM "schema_migrations" ORDER BY "schema_migrations"."version" ASC[0m
  ↳ bin/rails:9
  [1m[35m (0.1ms)[0m  [1m[35mBEGIN[0m
  ↳ db/seeds.rb:17
  [1m[36mAttendance Create (0.7ms)[0m  [1m[32mINSERT INTO "attendances" ("event_id", "user_id", "stripe_customer_id", "created_at", "updated_at") VALUES ($1, $2, $3, $4, $5) RETURNING "id"[0m  [["event_id", 1], ["user_id", 2], ["stripe_customer_id", "1"], ["created_at", "2019-02-13 19:37:21.305546"], ["updated_at", "2019-02-13 19:37:21.305546"]]
  ↳ db/seeds.rb:17
AttendanceMailer#attendance_email: processed outbound mail in 3.8ms
  [1m[35m (0.3ms)[0m  [1m[31mROLLBACK[0m
  ↳ db/seeds.rb:17
  [1m[35m (0.8ms)[0m  [1m[34mSELECT "schema_migrations"."version" FROM "schema_migrations" ORDER BY "schema_migrations"."version" ASC[0m
  ↳ bin/rails:9
  [1m[35m (0.2ms)[0m  [1m[35mBEGIN[0m
  ↳ db/seeds.rb:17
  [1m[36mAttendance Create (0.9ms)[0m  [1m[32mINSERT INTO "attendances" ("event_id", "user_id", "stripe_customer_id", "created_at", "updated_at") VALUES ($1, $2, $3, $4, $5) RETURNING "id"[0m  [["event_id", 1], ["user_id", 2], ["stripe_customer_id", "1"], ["created_at", "2019-02-13 19:39:49.976841"], ["updated_at", "2019-02-13 19:39:49.976841"]]
  ↳ db/seeds.rb:17
AttendanceMailer#attendance_email: processed outbound mail in 3.9ms
  [1m[35m (0.3ms)[0m  [1m[31mROLLBACK[0m
  ↳ db/seeds.rb:17
  [1m[35m (0.8ms)[0m  [1m[34mSELECT "schema_migrations"."version" FROM "schema_migrations" ORDER BY "schema_migrations"."version" ASC[0m
  ↳ bin/rails:9
  [1m[35m (0.2ms)[0m  [1m[35mBEGIN[0m
  ↳ db/seeds.rb:17
  [1m[36mAttendance Create (0.9ms)[0m  [1m[32mINSERT INTO "attendances" ("event_id", "user_id", "stripe_customer_id", "created_at", "updated_at") VALUES ($1, $2, $3, $4, $5) RETURNING "id"[0m  [["event_id", 1], ["user_id", 2], ["stripe_customer_id", "1"], ["created_at", "2019-02-13 19:44:36.827632"], ["updated_at", "2019-02-13 19:44:36.827632"]]
  ↳ db/seeds.rb:17
AttendanceMailer#attendance_email: processed outbound mail in 3.9ms
  [1m[35m (0.3ms)[0m  [1m[31mROLLBACK[0m
  ↳ db/seeds.rb:17
  [1m[35m (0.8ms)[0m  [1m[34mSELECT "schema_migrations"."version" FROM "schema_migrations" ORDER BY "schema_migrations"."version" ASC[0m
  ↳ bin/rails:9
  [1m[35m (0.2ms)[0m  [1m[35mBEGIN[0m
  ↳ db/seeds.rb:17
  [1m[36mAttendance Create (0.8ms)[0m  [1m[32mINSERT INTO "attendances" ("event_id", "user_id", "stripe_customer_id", "created_at", "updated_at") VALUES ($1, $2, $3, $4, $5) RETURNING "id"[0m  [["event_id", 1], ["user_id", 2], ["stripe_customer_id", "1"], ["created_at", "2019-02-13 19:46:22.420448"], ["updated_at", "2019-02-13 19:46:22.420448"]]
  ↳ db/seeds.rb:17
AttendanceMailer#attendance_email: processed outbound mail in 3.9ms
  [1m[35m (0.2ms)[0m  [1m[31mROLLBACK[0m
  ↳ db/seeds.rb:17
  [1m[35m (0.6ms)[0m  [1m[34mSELECT "schema_migrations"."version" FROM "schema_migrations" ORDER BY "schema_migrations"."version" ASC[0m
  ↳ bin/rails:9
  [1m[35m (0.2ms)[0m  [1m[35mBEGIN[0m
  ↳ db/seeds.rb:17
  [1m[36mAttendance Create (0.6ms)[0m  [1m[32mINSERT INTO "attendances" ("event_id", "user_id", "stripe_customer_id", "created_at", "updated_at") VALUES ($1, $2, $3, $4, $5) RETURNING "id"[0m  [["event_id", 1], ["user_id", 2], ["stripe_customer_id", "1"], ["created_at", "2019-02-13 19:47:10.636470"], ["updated_at", "2019-02-13 19:47:10.636470"]]
  ↳ db/seeds.rb:17
AttendanceMailer#attendance_email: processed outbound mail in 3.9ms
  [1m[35m (0.3ms)[0m  [1m[31mROLLBACK[0m
  ↳ db/seeds.rb:17
  [1m[35m (0.2ms)[0m  [1m[35mBEGIN[0m
  [1m[36mUser Create (0.5ms)[0m  [1m[32mINSERT INTO "users" ("last_name", "email", "created_at", "updated_at") VALUES ($1, $2, $3, $4) RETURNING "id"[0m  [["last_name", "julien"], ["email", "email@email.com"], ["created_at", "2019-02-13 19:53:59.694127"], ["updated_at", "2019-02-13 19:53:59.694127"]]
  Rendering user_mailer/welcome_email.html.erb within layouts/mailer
  Rendered user_mailer/welcome_email.html.erb within layouts/mailer (0.8ms)
UserMailer#welcome_email: processed outbound mail in 25.0ms
Sent mail to email@email.com (16.3ms)
Date: Wed, 13 Feb 2019 14:53:59 -0500
From: no-reply@monsite.fr
To: email@email.com
Message-ID: <5c6475d7c790e_3a242af5745bf9ac555ed@manda-E1-571G.mail>
Subject: Bienvenue chez nous !
Mime-Version: 1.0
Content-Type: text/html;
 charset=UTF-8
Content-Transfer-Encoding: quoted-printable

<!DOCTYPE html>=0D
<html>=0D
  <head>=0D
    <meta http-equiv=3D"Content-Type" content=3D"text/html; charset=3Dutf=
-8" />=0D
    <style>=0D
      /* Email styles need to be inline */=0D
    </style>=0D
  </head>=0D
=0D
  <body>=0D
    <!DOCTYPE html>=0D
<html>=0D
  <head>=0D
    <meta content=3D'text/html; charset=3DUTF-8' http-equiv=3D'Content-Ty=
pe' />=0D
  </head>=0D
  <body>=0D
    <h1>Salut julien et bienvenue chez nous !</h1>=0D
    <p>=0D
      Tu t'es inscrit sur monsite.fr en utilisant l'e-mail suivant : emai=
l@email.com.=0D
    </p>=0D
    <p>=0D
      Pour acc=C3=A9der =C3=A0 ton espace client, connecte-toi via : http=
://monsite.fr/login.=0D
    </p>=0D
    <p> =C3=80 tr=C3=A8s vite sur monsite.fr !=0D
  </body>=0D
</html>=0D
  </body>=0D
</html>=0D

  [1m[35m (18.6ms)[0m  [1m[35mCOMMIT[0m
  [1m[35m (1.0ms)[0m  [1m[34mSELECT "schema_migrations"."version" FROM "schema_migrations" ORDER BY "schema_migrations"."version" ASC[0m
  ↳ bin/rails:9
  [1m[35m (0.2ms)[0m  [1m[35mBEGIN[0m
  ↳ db/seeds.rb:17
  [1m[36mAttendance Create (0.7ms)[0m  [1m[32mINSERT INTO "attendances" ("event_id", "user_id", "stripe_customer_id", "created_at", "updated_at") VALUES ($1, $2, $3, $4, $5) RETURNING "id"[0m  [["event_id", 1], ["user_id", 2], ["stripe_customer_id", "1"], ["created_at", "2019-02-13 20:03:32.693364"], ["updated_at", "2019-02-13 20:03:32.693364"]]
  ↳ db/seeds.rb:17
UserMailer#attendance_email: processed outbound mail in 4.0ms
  [1m[35m (0.2ms)[0m  [1m[31mROLLBACK[0m
  ↳ db/seeds.rb:17
  [1m[35m (0.9ms)[0m  [1m[34mSELECT "schema_migrations"."version" FROM "schema_migrations" ORDER BY "schema_migrations"."version" ASC[0m
  ↳ bin/rails:9
  [1m[35m (0.2ms)[0m  [1m[35mBEGIN[0m
  ↳ db/seeds.rb:17
  [1m[36mAttendance Create (0.7ms)[0m  [1m[32mINSERT INTO "attendances" ("event_id", "user_id", "stripe_customer_id", "created_at", "updated_at") VALUES ($1, $2, $3, $4, $5) RETURNING "id"[0m  [["event_id", 1], ["user_id", 2], ["stripe_customer_id", "1"], ["created_at", "2019-02-13 20:08:12.712845"], ["updated_at", "2019-02-13 20:08:12.712845"]]
  ↳ db/seeds.rb:17
UserMailer#attendance_email: processed outbound mail in 0.2ms
  [1m[35m (0.3ms)[0m  [1m[31mROLLBACK[0m
  ↳ db/seeds.rb:17
  [1m[35m (1.0ms)[0m  [1m[34mSELECT "schema_migrations"."version" FROM "schema_migrations" ORDER BY "schema_migrations"."version" ASC[0m
  ↳ bin/rails:9
  [1m[35m (0.2ms)[0m  [1m[35mBEGIN[0m
  ↳ db/seeds.rb:17
  [1m[36mAttendance Create (0.8ms)[0m  [1m[32mINSERT INTO "attendances" ("event_id", "user_id", "stripe_customer_id", "created_at", "updated_at") VALUES ($1, $2, $3, $4, $5) RETURNING "id"[0m  [["event_id", 1], ["user_id", 2], ["stripe_customer_id", "1"], ["created_at", "2019-02-13 20:10:16.369952"], ["updated_at", "2019-02-13 20:10:16.369952"]]
  ↳ db/seeds.rb:17
UserMailer#attendance_email: processed outbound mail in 0.3ms
  [1m[35m (0.3ms)[0m  [1m[31mROLLBACK[0m
  ↳ db/seeds.rb:17
  [1m[35m (0.9ms)[0m  [1m[34mSELECT "schema_migrations"."version" FROM "schema_migrations" ORDER BY "schema_migrations"."version" ASC[0m
  ↳ bin/rails:9
  [1m[35m (0.1ms)[0m  [1m[35mBEGIN[0m
  ↳ db/seeds.rb:17
  [1m[36mAttendance Create (0.8ms)[0m  [1m[32mINSERT INTO "attendances" ("event_id", "user_id", "stripe_customer_id", "created_at", "updated_at") VALUES ($1, $2, $3, $4, $5) RETURNING "id"[0m  [["event_id", 1], ["user_id", 2], ["stripe_customer_id", "1"], ["created_at", "2019-02-13 20:11:14.174283"], ["updated_at", "2019-02-13 20:11:14.174283"]]
  ↳ db/seeds.rb:17
UserMailer#welcome_email: processed outbound mail in 3.9ms
  [1m[35m (0.3ms)[0m  [1m[31mROLLBACK[0m
  ↳ db/seeds.rb:17
  [1m[35m (0.9ms)[0m  [1m[34mSELECT "schema_migrations"."version" FROM "schema_migrations" ORDER BY "schema_migrations"."version" ASC[0m
  ↳ bin/rails:9
  [1m[35m (0.2ms)[0m  [1m[35mBEGIN[0m
  ↳ db/seeds.rb:17
  [1m[36mAttendance Create (0.8ms)[0m  [1m[32mINSERT INTO "attendances" ("event_id", "user_id", "stripe_customer_id", "created_at", "updated_at") VALUES ($1, $2, $3, $4, $5) RETURNING "id"[0m  [["event_id", 1], ["user_id", 2], ["stripe_customer_id", "1"], ["created_at", "2019-02-13 20:11:39.099671"], ["updated_at", "2019-02-13 20:11:39.099671"]]
  ↳ db/seeds.rb:17
UserMailer#welcome_email: processed outbound mail in 4.0ms
  [1m[35m (0.2ms)[0m  [1m[31mROLLBACK[0m
  ↳ db/seeds.rb:17
  [1m[35m (0.9ms)[0m  [1m[34mSELECT "schema_migrations"."version" FROM "schema_migrations" ORDER BY "schema_migrations"."version" ASC[0m
  ↳ bin/rails:9
  [1m[35m (0.1ms)[0m  [1m[35mBEGIN[0m
  ↳ db/seeds.rb:17
  [1m[36mAttendance Create (0.8ms)[0m  [1m[32mINSERT INTO "attendances" ("event_id", "user_id", "stripe_customer_id", "created_at", "updated_at") VALUES ($1, $2, $3, $4, $5) RETURNING "id"[0m  [["event_id", 1], ["user_id", 2], ["stripe_customer_id", "1"], ["created_at", "2019-02-13 20:12:39.669303"], ["updated_at", "2019-02-13 20:12:39.669303"]]
  ↳ db/seeds.rb:17
UserMailer#attendance_email: processed outbound mail in 1.0ms
  [1m[35m (0.3ms)[0m  [1m[31mROLLBACK[0m
  ↳ db/seeds.rb:17
  [1m[35m (1.0ms)[0m  [1m[34mSELECT "schema_migrations"."version" FROM "schema_migrations" ORDER BY "schema_migrations"."version" ASC[0m
  ↳ bin/rails:9
  [1m[35m (0.2ms)[0m  [1m[35mBEGIN[0m
  ↳ db/seeds.rb:17
  [1m[36mAttendance Create (0.9ms)[0m  [1m[32mINSERT INTO "attendances" ("event_id", "user_id", "stripe_customer_id", "created_at", "updated_at") VALUES ($1, $2, $3, $4, $5) RETURNING "id"[0m  [["event_id", 1], ["user_id", 2], ["stripe_customer_id", "1"], ["created_at", "2019-02-13 20:13:12.455981"], ["updated_at", "2019-02-13 20:13:12.455981"]]
  ↳ db/seeds.rb:17
UserMailer#attendance_email: processed outbound mail in 8.0ms
  [1m[35m (0.2ms)[0m  [1m[31mROLLBACK[0m
  ↳ db/seeds.rb:17
  [1m[35m (1.0ms)[0m  [1m[34mSELECT "schema_migrations"."version" FROM "schema_migrations" ORDER BY "schema_migrations"."version" ASC[0m
  ↳ bin/rails:9
  [1m[35m (0.2ms)[0m  [1m[35mBEGIN[0m
  ↳ db/seeds.rb:17
  [1m[36mAttendance Create (1.0ms)[0m  [1m[32mINSERT INTO "attendances" ("event_id", "user_id", "stripe_customer_id", "created_at", "updated_at") VALUES ($1, $2, $3, $4, $5) RETURNING "id"[0m  [["event_id", 1], ["user_id", 2], ["stripe_customer_id", "1"], ["created_at", "2019-02-13 20:13:27.233886"], ["updated_at", "2019-02-13 20:13:27.233886"]]
  ↳ db/seeds.rb:17
  [1m[36mUser Load (0.4ms)[0m  [1m[34mSELECT  "users".* FROM "users" LIMIT $1[0m  [["LIMIT", 11]]
  ↳ app/models/attendance.rb:5
UserMailer#attendance_email: processed outbound mail in 27.8ms
  [1m[35m (0.2ms)[0m  [1m[31mROLLBACK[0m
  ↳ db/seeds.rb:17
  [1m[36mUser Load (0.4ms)[0m  [1m[34mSELECT  "users".* FROM "users" LIMIT $1[0m  [["LIMIT", 11]]
  ↳ bin/rails:9
  [1m[35m (0.9ms)[0m  [1m[34mSELECT "schema_migrations"."version" FROM "schema_migrations" ORDER BY "schema_migrations"."version" ASC[0m
  ↳ bin/rails:9
  [1m[35m (0.2ms)[0m  [1m[35mBEGIN[0m
  ↳ db/seeds.rb:17
  [1m[36mAttendance Create (0.8ms)[0m  [1m[32mINSERT INTO "attendances" ("event_id", "user_id", "stripe_customer_id", "created_at", "updated_at") VALUES ($1, $2, $3, $4, $5) RETURNING "id"[0m  [["event_id", 1], ["user_id", 2], ["stripe_customer_id", "1"], ["created_at", "2019-02-13 20:13:56.163910"], ["updated_at", "2019-02-13 20:13:56.163910"]]
  ↳ db/seeds.rb:17
  Rendering user_mailer/attendance_email.html.erb within layouts/mailer
  Rendered user_mailer/attendance_email.html.erb within layouts/mailer (0.7ms)
UserMailer#attendance_email: processed outbound mail in 40.1ms
Sent mail to  (2.0ms)
Date: Wed, 13 Feb 2019 15:13:56 -0500
From: no-reply@monsite.fr
Message-ID: <5c647a84435ca_3d502af7d20b79a4189a2@manda-E1-571G.mail>
Subject: Bienvenue chez nous !
Mime-Version: 1.0
Content-Type: text/html;
 charset=UTF-8
Content-Transfer-Encoding: quoted-printable

<!DOCTYPE html>=0D
<html>=0D
  <head>=0D
    <meta http-equiv=3D"Content-Type" content=3D"text/html; charset=3Dutf=
-8" />=0D
    <style>=0D
      /* Email styles need to be inline */=0D
    </style>=0D
  </head>=0D
=0D
  <body>=0D
    <!DOCTYPE html>=0D
<html>=0D
  <head>=0D
    <meta content=3D'text/html; charset=3DUTF-8' http-equiv=3D'Content-Ty=
pe' />=0D
  </head>=0D
  <body>=0D
    <h1>Salut  et bienvenue chez nous !</h1>=0D
    <p>=0D
      Tu t'es inscrit sur monsite.fr en utilisant l'e-mail suivant : .=0D=

    </p>=0D
    <p>=0D
      Pour acc=C3=A9der =C3=A0 ton espace client, connecte-toi via : http=
://monsite.fr/login.=0D
    </p>=0D
    <p> =C3=80 tr=C3=A8s vite sur monsite.fr !=0D
  </body>=0D
</html>=0D
  </body>=0D
</html>=0D

  [1m[35m (7.2ms)[0m  [1m[35mCOMMIT[0m
  ↳ db/seeds.rb:17
  [1m[35m (1.0ms)[0m  [1m[34mSELECT "schema_migrations"."version" FROM "schema_migrations" ORDER BY "schema_migrations"."version" ASC[0m
  ↳ bin/rails:9
  [1m[35m (0.2ms)[0m  [1m[35mBEGIN[0m
  ↳ db/seeds.rb:17
  [1m[36mAttendance Create (0.8ms)[0m  [1m[32mINSERT INTO "attendances" ("event_id", "user_id", "stripe_customer_id", "created_at", "updated_at") VALUES ($1, $2, $3, $4, $5) RETURNING "id"[0m  [["event_id", 1], ["user_id", 2], ["stripe_customer_id", "1"], ["created_at", "2019-02-13 20:14:25.625708"], ["updated_at", "2019-02-13 20:14:25.625708"]]
  ↳ db/seeds.rb:17
UserMailer#attendance_email: processed outbound mail in 2.3ms
  [1m[35m (0.2ms)[0m  [1m[31mROLLBACK[0m
  ↳ db/seeds.rb:17
  [1m[35m (0.9ms)[0m  [1m[34mSELECT "schema_migrations"."version" FROM "schema_migrations" ORDER BY "schema_migrations"."version" ASC[0m
  ↳ bin/rails:9
  [1m[35m (0.2ms)[0m  [1m[35mBEGIN[0m
  ↳ db/seeds.rb:17
  [1m[36mAttendance Create (0.6ms)[0m  [1m[32mINSERT INTO "attendances" ("event_id", "user_id", "stripe_customer_id", "created_at", "updated_at") VALUES ($1, $2, $3, $4, $5) RETURNING "id"[0m  [["event_id", 1], ["user_id", 2], ["stripe_customer_id", "1"], ["created_at", "2019-02-13 20:15:01.045311"], ["updated_at", "2019-02-13 20:15:01.045311"]]
  ↳ db/seeds.rb:17
UserMailer#attendance_email: processed outbound mail in 2.4ms
  [1m[35m (0.3ms)[0m  [1m[31mROLLBACK[0m
  ↳ db/seeds.rb:17
  [1m[35m (0.9ms)[0m  [1m[34mSELECT "schema_migrations"."version" FROM "schema_migrations" ORDER BY "schema_migrations"."version" ASC[0m
  ↳ bin/rails:9
  [1m[35m (0.2ms)[0m  [1m[35mBEGIN[0m
  ↳ db/seeds.rb:17
  [1m[36mAttendance Create (0.7ms)[0m  [1m[32mINSERT INTO "attendances" ("event_id", "user_id", "stripe_customer_id", "created_at", "updated_at") VALUES ($1, $2, $3, $4, $5) RETURNING "id"[0m  [["event_id", 1], ["user_id", 2], ["stripe_customer_id", "1"], ["created_at", "2019-02-13 20:15:31.119202"], ["updated_at", "2019-02-13 20:15:31.119202"]]
  ↳ db/seeds.rb:17
UserMailer#attendance_email: processed outbound mail in 6.3ms
  [1m[35m (0.2ms)[0m  [1m[31mROLLBACK[0m
  ↳ db/seeds.rb:17
  [1m[35m (1.0ms)[0m  [1m[34mSELECT "schema_migrations"."version" FROM "schema_migrations" ORDER BY "schema_migrations"."version" ASC[0m
  ↳ bin/rails:9
  [1m[35m (0.2ms)[0m  [1m[35mBEGIN[0m
  ↳ db/seeds.rb:17
  [1m[36mAttendance Create (0.6ms)[0m  [1m[32mINSERT INTO "attendances" ("event_id", "user_id", "stripe_customer_id", "created_at", "updated_at") VALUES ($1, $2, $3, $4, $5) RETURNING "id"[0m  [["event_id", 1], ["user_id", 2], ["stripe_customer_id", "1"], ["created_at", "2019-02-13 20:15:41.452824"], ["updated_at", "2019-02-13 20:15:41.452824"]]
  ↳ db/seeds.rb:17
UserMailer#attendance_email: processed outbound mail in 6.4ms
  [1m[35m (0.3ms)[0m  [1m[31mROLLBACK[0m
  ↳ db/seeds.rb:17
  [1m[35m (0.8ms)[0m  [1m[34mSELECT "schema_migrations"."version" FROM "schema_migrations" ORDER BY "schema_migrations"."version" ASC[0m
  ↳ bin/rails:9
  [1m[35m (0.2ms)[0m  [1m[35mBEGIN[0m
  ↳ db/seeds.rb:17
  [1m[36mAttendance Create (0.5ms)[0m  [1m[32mINSERT INTO "attendances" ("event_id", "user_id", "stripe_customer_id", "created_at", "updated_at") VALUES ($1, $2, $3, $4, $5) RETURNING "id"[0m  [["event_id", 1], ["user_id", 2], ["stripe_customer_id", "1"], ["created_at", "2019-02-13 20:16:00.480547"], ["updated_at", "2019-02-13 20:16:00.480547"]]
  ↳ db/seeds.rb:17
  [1m[36mUser Load (0.5ms)[0m  [1m[34mSELECT  "users".* FROM "users" WHERE "users"."id" = $1 LIMIT $2[0m  [["id", 25], ["LIMIT", 1]]
  ↳ app/mailers/user_mailer.rb:17
UserMailer#attendance_email: processed outbound mail in 8.7ms
  [1m[35m (0.3ms)[0m  [1m[31mROLLBACK[0m
  ↳ db/seeds.rb:17
  [1m[35m (0.9ms)[0m  [1m[34mSELECT "schema_migrations"."version" FROM "schema_migrations" ORDER BY "schema_migrations"."version" ASC[0m
  ↳ bin/rails:9
  [1m[35m (0.2ms)[0m  [1m[35mBEGIN[0m
  ↳ db/seeds.rb:17
  [1m[36mAttendance Create (0.8ms)[0m  [1m[32mINSERT INTO "attendances" ("event_id", "user_id", "stripe_customer_id", "created_at", "updated_at") VALUES ($1, $2, $3, $4, $5) RETURNING "id"[0m  [["event_id", 1], ["user_id", 2], ["stripe_customer_id", "1"], ["created_at", "2019-02-13 20:17:16.396080"], ["updated_at", "2019-02-13 20:17:16.396080"]]
  ↳ db/seeds.rb:17
  [1m[36mUser Load (0.5ms)[0m  [1m[34mSELECT  "users".* FROM "users" WHERE "users"."id" = $1 LIMIT $2[0m  [["id", 2], ["LIMIT", 1]]
  ↳ app/mailers/user_mailer.rb:17
  Rendering user_mailer/attendance_email.html.erb within layouts/mailer
  Rendered user_mailer/attendance_email.html.erb within layouts/mailer (0.7ms)
UserMailer#attendance_email: processed outbound mail in 42.7ms
Sent mail to féfé0@yopmail.com (10.9ms)
Date: Wed, 13 Feb 2019 15:17:16 -0500
From: no-reply@monsite.fr
To: =?UTF-8?B?ZsOpZsOpMA==?=@yopmail.com
Message-ID: <5c647b4c7cb9f_3ecb2ad27c79799837e4@manda-E1-571G.mail>
Subject: Bienvenue chez nous !
Mime-Version: 1.0
Content-Type: text/html;
 charset=UTF-8
Content-Transfer-Encoding: quoted-printable

<!DOCTYPE html>=0D
<html>=0D
  <head>=0D
    <meta http-equiv=3D"Content-Type" content=3D"text/html; charset=3Dutf=
-8" />=0D
    <style>=0D
      /* Email styles need to be inline */=0D
    </style>=0D
  </head>=0D
=0D
  <body>=0D
    <!DOCTYPE html>=0D
<html>=0D
  <head>=0D
    <meta content=3D'text/html; charset=3DUTF-8' http-equiv=3D'Content-Ty=
pe' />=0D
  </head>=0D
  <body>=0D
    <h1>Salut F=C3=A9f=C3=A90 et bienvenue chez nous !</h1>=0D
    <p>=0D
      Tu t'es inscrit sur monsite.fr en utilisant l'e-mail suivant : f=C3=
=A9f=C3=A90@yopmail.com.=0D
    </p>=0D
    <p>=0D
      Pour acc=C3=A9der =C3=A0 ton espace client, connecte-toi via : http=
://monsite.fr/login.=0D
    </p>=0D
    <p> =C3=80 tr=C3=A8s vite sur monsite.fr !=0D
  </body>=0D
</html>=0D
  </body>=0D
</html>=0D

  [1m[35m (10.5ms)[0m  [1m[35mCOMMIT[0m
  ↳ db/seeds.rb:17
  [1m[35m (0.8ms)[0m  [1m[34mSELECT "schema_migrations"."version" FROM "schema_migrations" ORDER BY "schema_migrations"."version" ASC[0m
  ↳ bin/rails:9
  [1m[35m (0.2ms)[0m  [1m[35mBEGIN[0m
  ↳ db/seeds.rb:17
  [1m[36mAttendance Create (0.9ms)[0m  [1m[32mINSERT INTO "attendances" ("event_id", "user_id", "stripe_customer_id", "created_at", "updated_at") VALUES ($1, $2, $3, $4, $5) RETURNING "id"[0m  [["event_id", 1], ["user_id", 2], ["stripe_customer_id", "1"], ["created_at", "2019-02-13 20:23:07.105108"], ["updated_at", "2019-02-13 20:23:07.105108"]]
  ↳ db/seeds.rb:17
  [1m[36mUser Load (0.4ms)[0m  [1m[34mSELECT  "users".* FROM "users" WHERE "users"."id" = $1 LIMIT $2[0m  [["id", 2], ["LIMIT", 1]]
  ↳ app/mailers/user_mailer.rb:17
  [1m[36mEvent Load (0.4ms)[0m  [1m[34mSELECT  "events".* FROM "events" WHERE "events"."id" = $1 LIMIT $2[0m  [["id", 1], ["LIMIT", 1]]
  ↳ app/mailers/user_mailer.rb:18
  Rendering user_mailer/attendance_email.html.erb within layouts/mailer
  Rendered user_mailer/attendance_email.html.erb within layouts/mailer (28.6ms)
UserMailer#attendance_email: processed outbound mail in 71.9ms
  [1m[35m (0.3ms)[0m  [1m[31mROLLBACK[0m
  ↳ db/seeds.rb:17
  [1m[35m (0.9ms)[0m  [1m[34mSELECT "schema_migrations"."version" FROM "schema_migrations" ORDER BY "schema_migrations"."version" ASC[0m
  ↳ bin/rails:9
  [1m[35m (0.2ms)[0m  [1m[35mBEGIN[0m
  ↳ db/seeds.rb:17
  [1m[36mAttendance Create (0.6ms)[0m  [1m[32mINSERT INTO "attendances" ("event_id", "user_id", "stripe_customer_id", "created_at", "updated_at") VALUES ($1, $2, $3, $4, $5) RETURNING "id"[0m  [["event_id", 1], ["user_id", 2], ["stripe_customer_id", "1"], ["created_at", "2019-02-13 20:24:02.821092"], ["updated_at", "2019-02-13 20:24:02.821092"]]
  ↳ db/seeds.rb:17
  [1m[36mUser Load (0.6ms)[0m  [1m[34mSELECT  "users".* FROM "users" WHERE "users"."id" = $1 LIMIT $2[0m  [["id", 2], ["LIMIT", 1]]
  ↳ app/mailers/user_mailer.rb:17
  [1m[36mEvent Load (0.4ms)[0m  [1m[34mSELECT  "events".* FROM "events" WHERE "events"."id" = $1 LIMIT $2[0m  [["id", 1], ["LIMIT", 1]]
  ↳ app/mailers/user_mailer.rb:18
  Rendering user_mailer/attendance_email.html.erb within layouts/mailer
  Rendered user_mailer/attendance_email.html.erb within layouts/mailer (1.0ms)
UserMailer#attendance_email: processed outbound mail in 58.5ms
Sent mail to féfé0@yopmail.com (14.2ms)
Date: Wed, 13 Feb 2019 15:24:02 -0500
From: no-reply@monsite.fr
To: =?UTF-8?B?ZsOpZsOpMA==?=@yopmail.com
Message-ID: <5c647ce2e8803_3fee2abf96ea799814680@manda-E1-571G.mail>
Subject: Bienvenue chez nous !
Mime-Version: 1.0
Content-Type: text/html;
 charset=UTF-8
Content-Transfer-Encoding: quoted-printable

<!DOCTYPE html>=0D
<html>=0D
  <head>=0D
    <meta http-equiv=3D"Content-Type" content=3D"text/html; charset=3Dutf=
-8" />=0D
    <style>=0D
      /* Email styles need to be inline */=0D
    </style>=0D
  </head>=0D
=0D
  <body>=0D
    <!DOCTYPE html>=0D
<html>=0D
  <head>=0D
    <meta content=3D'text/html; charset=3DUTF-8' http-equiv=3D'Content-Ty=
pe' />=0D
  </head>=0D
  <body>=0D
    <h1>Bonjour F=C3=A9f=C3=A90 !!!</h1>=0D
    <p>=0D
     on vous previent que le participant qui a cette e-mail : f=C3=A9f=C3=
=A90@yopmail.com participe aux evenements que vous aver cr=C3=A9er.=0D
    </p>=0D
    <p>=0D
     Le titre de l'evenement est ' le jour j - 0 pour etre d&#39;accord.=0D=

    </p>=0D
    <p> =C3=80 tr=C3=A8s vite!=0D
  </body>=0D
</html>=0D
  </body>=0D
</html>=0D

  [1m[35m (16.1ms)[0m  [1m[35mCOMMIT[0m
  ↳ db/seeds.rb:17
  [1m[35m (0.8ms)[0m  [1m[34mSELECT "schema_migrations"."version" FROM "schema_migrations" ORDER BY "schema_migrations"."version" ASC[0m
  ↳ bin/rails:9
  [1m[35m (0.2ms)[0m  [1m[35mBEGIN[0m
  ↳ db/seeds.rb:17
  [1m[36mAttendance Create (0.7ms)[0m  [1m[32mINSERT INTO "attendances" ("event_id", "user_id", "stripe_customer_id", "created_at", "updated_at") VALUES ($1, $2, $3, $4, $5) RETURNING "id"[0m  [["event_id", 1], ["user_id", 2], ["stripe_customer_id", "1"], ["created_at", "2019-02-13 20:29:21.669391"], ["updated_at", "2019-02-13 20:29:21.669391"]]
  ↳ db/seeds.rb:17
  [1m[36mUser Load (0.6ms)[0m  [1m[34mSELECT  "users".* FROM "users" WHERE "users"."id" = $1 LIMIT $2[0m  [["id", 2], ["LIMIT", 1]]
  ↳ app/mailers/user_mailer.rb:17
  [1m[36mEvent Load (0.6ms)[0m  [1m[34mSELECT  "events".* FROM "events" WHERE "events"."id" = $1 LIMIT $2[0m  [["id", 1], ["LIMIT", 1]]
  ↳ app/mailers/user_mailer.rb:18
  Rendering user_mailer/attendance_email.html.erb within layouts/mailer
  Rendered user_mailer/attendance_email.html.erb within layouts/mailer (0.6ms)
UserMailer#attendance_email: processed outbound mail in 61.8ms
Sent mail to féfé0@yopmail.com (16.6ms)
Date: Wed, 13 Feb 2019 15:29:21 -0500
From: no-reply@monsite.fr
To: =?UTF-8?B?ZsOpZsOpMA==?=@yopmail.com
Message-ID: <5c647e21c3d0a_418b2ab42291b9a43363d@manda-E1-571G.mail>
Subject: Bienvenue chez nous !
Mime-Version: 1.0
Content-Type: text/html;
 charset=UTF-8
Content-Transfer-Encoding: quoted-printable

<!DOCTYPE html>=0D
<html>=0D
  <head>=0D
    <meta http-equiv=3D"Content-Type" content=3D"text/html; charset=3Dutf=
-8" />=0D
    <style>=0D
      /* Email styles need to be inline */=0D
    </style>=0D
  </head>=0D
=0D
  <body>=0D
    <!DOCTYPE html>=0D
<html>=0D
  <head>=0D
    <meta content=3D'text/html; charset=3DUTF-8' http-equiv=3D'Content-Ty=
pe' />=0D
  </head>=0D
  <body>=0D
    <h1>Bonjour F=C3=A9f=C3=A90 !!!</h1>=0D
    <p>=0D
     on vous previent que le participant qui a cette e-mail : f=C3=A9f=C3=
=A90@yopmail.com participe aux evenements que vous aver cr=C3=A9er.=0D
    </p>=0D
    <p>=0D
     Le titre de l'evenement est ' le jour j - 0 pour etre d&#39;accord.=0D=

    </p>=0D
    <p> =C3=80 tr=C3=A8s vite!=0D
  </body>=0D
</html>=0D
  </body>=0D
</html>=0D

  [1m[35m (12.0ms)[0m  [1m[35mCOMMIT[0m
  ↳ db/seeds.rb:17
  [1m[35m (0.9ms)[0m  [1m[34mSELECT "schema_migrations"."version" FROM "schema_migrations" ORDER BY "schema_migrations"."version" ASC[0m
  ↳ bin/rails:9
  [1m[35m (0.2ms)[0m  [1m[35mBEGIN[0m
  ↳ db/seeds.rb:17
  [1m[36mAttendance Create (0.7ms)[0m  [1m[32mINSERT INTO "attendances" ("event_id", "user_id", "stripe_customer_id", "created_at", "updated_at") VALUES ($1, $2, $3, $4, $5) RETURNING "id"[0m  [["event_id", 1], ["user_id", 2], ["stripe_customer_id", "1"], ["created_at", "2019-02-13 20:31:42.850282"], ["updated_at", "2019-02-13 20:31:42.850282"]]
  ↳ db/seeds.rb:17
  [1m[36mUser Load (0.5ms)[0m  [1m[34mSELECT  "users".* FROM "users" WHERE "users"."id" = $1 LIMIT $2[0m  [["id", 2], ["LIMIT", 1]]
  ↳ app/mailers/user_mailer.rb:17
  [1m[36mEvent Load (0.7ms)[0m  [1m[34mSELECT  "events".* FROM "events" WHERE "events"."id" = $1 LIMIT $2[0m  [["id", 1], ["LIMIT", 1]]
  ↳ app/mailers/user_mailer.rb:18
  Rendering user_mailer/attendance_email.html.erb within layouts/mailer
  Rendered user_mailer/attendance_email.html.erb within layouts/mailer (0.6ms)
UserMailer#attendance_email: processed outbound mail in 58.3ms
Sent mail to féfé0@yopmail.com (10.3ms)
Date: Wed, 13 Feb 2019 15:31:42 -0500
From: no-reply@monsite.fr
To: =?UTF-8?B?ZsOpZsOpMA==?=@yopmail.com
Message-ID: <5c647eaeef307_42312acbbe64d994517bc@manda-E1-571G.mail>
Subject: Bienvenue chez nous !
Mime-Version: 1.0
Content-Type: text/html;
 charset=UTF-8
Content-Transfer-Encoding: quoted-printable

<!DOCTYPE html>=0D
<html>=0D
  <head>=0D
    <meta http-equiv=3D"Content-Type" content=3D"text/html; charset=3Dutf=
-8" />=0D
    <style>=0D
      /* Email styles need to be inline */=0D
    </style>=0D
  </head>=0D
=0D
  <body>=0D
    <!DOCTYPE html>=0D
<html>=0D
  <head>=0D
    <meta content=3D'text/html; charset=3DUTF-8' http-equiv=3D'Content-Ty=
pe' />=0D
  </head>=0D
  <body>=0D
    <h1>Bonjour F=C3=A9f=C3=A90 !!!</h1>=0D
    <p>=0D
     on vous previent que le participant qui a cette e-mail : f=C3=A9f=C3=
=A90@yopmail.com participe aux evenements que vous aver cr=C3=A9er.=0D
    </p>=0D
    <p>=0D
     Le titre de l'evenement est ' le jour j - 0 pour etre d&#39;accord.=0D=

    </p>=0D
    <p> =C3=80 tr=C3=A8s vite!=0D
  </body>=0D
</html>=0D
  </body>=0D
</html>=0D

  [1m[35m (9.3ms)[0m  [1m[35mCOMMIT[0m
  ↳ db/seeds.rb:17
